0 info it worked if it ends with ok
1 verbose cli [ 'C:\\Program Files\\nodejs\\node.exe',
1 verbose cli   'C:\\Users\\ebiro\\AppData\\Roaming\\npm\\node_modules\\npm\\bin\\npm-cli.js',
1 verbose cli   'start' ]
2 info using npm@3.5.3
3 info using node@v5.3.0
4 verbose run-script [ 'prestart', 'start', 'poststart' ]
5 info lifecycle mean-boilerplate-ibm-bluemix@1.0.0~prestart: mean-boilerplate-ibm-bluemix@1.0.0
6 silly lifecycle mean-boilerplate-ibm-bluemix@1.0.0~prestart: no script for prestart, continuing
7 info lifecycle mean-boilerplate-ibm-bluemix@1.0.0~start: mean-boilerplate-ibm-bluemix@1.0.0
8 verbose lifecycle mean-boilerplate-ibm-bluemix@1.0.0~start: unsafe-perm in lifecycle true
9 verbose lifecycle mean-boilerplate-ibm-bluemix@1.0.0~start: PATH: C:\Users\ebiro\AppData\Roaming\npm\node_modules\npm\bin\node-gyp-bin;C:\source\Coursera\geo-mean\node_modules\.bin;C:\Users\ebiro\AppData\Roaming\npm;C:\Program Files\nodejs\;C:\ProgramData\Oracle\Java\javapath;C:\Program Files (x86)\Intel\iCLS Client\;C:\Program Files\Intel\iCLS Client\;C:\Program Files (x86)\AMD APP\bin\x86_64;C:\Program Files (x86)\AMD APP\bin\x86;C:\WINDOWS\system32;C:\WINDOWS;C:\WINDOWS\System32\Wbem;C:\WINDOWS\System32\WindowsPowerShell\v1.0\;C:\Program Files (x86)\ATI Technologies\ATI.ACE\Core-Static;C:\Program Files\Intel\WiFi\bin\;C:\Program Files\Common Files\Intel\WirelessCommon\;C:\Program Files\Intel\Intel(R) Management Engine Components\DAL;C:\Program Files\Intel\Intel(R) Management Engine Components\IPT;C:\Program Files (x86)\Intel\Intel(R) Management Engine Components\DAL;C:\Program Files (x86)\Intel\Intel(R) Management Engine Components\IPT;C:\Program Files\OpenVPN\bin;C:\Program Files\TortoiseSVN\bin;C:\Program Files\TortoiseGit\bin;C:\Program Files (x86)\Skype\Phone\;C:\Program Files\nodejs\;C:\Program Files (x86)\Brackets\command;C:\Program Files\MongoDB\Server\3.2\bin;C:\Program Files\CloudFoundry;C:\Program Files\IBM\Bluemix\bin;C:\Program Files\Git\cmd;C:\Program Files (x86)\Windows Kits\8.1\Windows Performance Toolkit\;C:\Program Files\Java\jdk1.8.0_25\bin;C:\source\apache-maven-3.2.5-bin\apache-maven-3.2.5\bin;C:\Users\ebiro\AppData\Roaming\npm;C:\Users\ebiro\AppData\Local\Android\sdk\platform-tools;%USERPROFILE%\AppData\Local\Microsoft\WindowsApps;
10 verbose lifecycle mean-boilerplate-ibm-bluemix@1.0.0~start: CWD: C:\source\Coursera\geo-mean
11 silly lifecycle mean-boilerplate-ibm-bluemix@1.0.0~start: Args: [ '/d /s /c', 'node server.js' ]
12 silly lifecycle mean-boilerplate-ibm-bluemix@1.0.0~start: Returned: code: 1  signal: null
13 info lifecycle mean-boilerplate-ibm-bluemix@1.0.0~start: Failed to exec start script
14 verbose stack Error: mean-boilerplate-ibm-bluemix@1.0.0 start: `node server.js`
14 verbose stack Exit status 1
14 verbose stack     at EventEmitter.<anonymous> (C:\Users\ebiro\AppData\Roaming\npm\node_modules\npm\lib\utils\lifecycle.js:232:16)
14 verbose stack     at emitTwo (events.js:87:13)
14 verbose stack     at EventEmitter.emit (events.js:172:7)
14 verbose stack     at ChildProcess.<anonymous> (C:\Users\ebiro\AppData\Roaming\npm\node_modules\npm\lib\utils\spawn.js:24:14)
14 verbose stack     at emitTwo (events.js:87:13)
14 verbose stack     at ChildProcess.emit (events.js:172:7)
14 verbose stack     at maybeClose (internal/child_process.js:818:16)
14 verbose stack     at Process.ChildProcess._handle.onexit (internal/child_process.js:211:5)
15 verbose pkgid mean-boilerplate-ibm-bluemix@1.0.0
16 verbose cwd C:\source\Coursera\geo-mean
17 error Windows_NT 10.0.14393
18 error argv "C:\\Program Files\\nodejs\\node.exe" "C:\\Users\\ebiro\\AppData\\Roaming\\npm\\node_modules\\npm\\bin\\npm-cli.js" "start"
19 error node v5.3.0
20 error npm  v3.5.3
21 error code ELIFECYCLE
22 error mean-boilerplate-ibm-bluemix@1.0.0 start: `node server.js`
22 error Exit status 1
23 error Failed at the mean-boilerplate-ibm-bluemix@1.0.0 start script 'node server.js'.
23 error Make sure you have the latest version of node.js and npm installed.
23 error If you do, this is most likely a problem with the mean-boilerplate-ibm-bluemix package,
23 error not with npm itself.
23 error Tell the author that this fails on your system:
23 error     node server.js
23 error You can get information on how to open an issue for this project with:
23 error     npm bugs mean-boilerplate-ibm-bluemix
23 error Or if that isn't available, you can get their info via:
23 error     npm owner ls mean-boilerplate-ibm-bluemix
23 error There is likely additional logging output above.
24 verbose exit [ 1, true ]
